<?xml version="1.0" encoding="UTF-8"?>
<coverage generated="1784528751566" clover="3.2.0">
  <project timestamp="1784528751566" name="All files">
    <metrics statements="17" coveredstatements="2" conditionals="4" coveredconditionals="0" methods="7" coveredmethods="1" elements="28" coveredelements="3" complexity="0" loc="17" ncloc="17" packages="1" files="4" classes="4"/>
    <file name="App.js" path="D:\Rishabh_React\19. ReactJS-HOL\src\App.js">
      <metrics statements="5" coveredstatements="0" conditionals="0" coveredconditionals="0" methods="4" coveredmethods="0"/>
      <line num="6" count="0" type="stmt"/>
      <line num="8" count="0" type="stmt"/>
      <line num="9" count="0" type="stmt"/>
      <line num="12" count="0" type="stmt"/>
      <line num="16" count="0" type="stmt"/>
    </file>
    <file name="GitClient.js" path="D:\Rishabh_React\19. ReactJS-HOL\src\GitClient.js">
      <metrics statements="2" coveredstatements="2" conditionals="0" coveredconditionals="0" methods="1" coveredmethods="1"/>
      <line num="5" count="1" type="stmt"/>
      <line num="6" count="1" type="stmt"/>
    </file>
    <file name="index.js" path="D:\Rishabh_React\19. ReactJS-HOL\src\index.js">
      <metrics statements="2" coveredstatements="0" conditionals="0" coveredconditionals="0" methods="0" coveredmethods="0"/>
      <line num="6" count="0" type="stmt"/>
      <line num="7" count="0" type="stmt"/>
    </file>
    <file name="reportWebVitals.js" path="D:\Rishabh_React\19. ReactJS-HOL\src\reportWebVitals.js">
      <metrics statements="8" coveredstatements="0" conditionals="4" coveredconditionals="0" methods="2" coveredmethods="0"/>
      <line num="1" count="0" type="stmt"/>
      <line num="2" count="0" type="cond" truecount="0" falsecount="4"/>
      <line num="3" count="0" type="stmt"/>
      <line num="4" count="0" type="stmt"/>
      <line num="5" count="0" type="stmt"/>
      <line num="6" count="0" type="stmt"/>
      <line num="7" count="0" type="stmt"/>
      <line num="8" count="0" type="stmt"/>
    </file>
  </project>
</coverage>
